2024-02-06 10:59:46 INFO::Getting Air Passengers data...
2024-02-06 11:19:22 INFO::Getting Air Passengers data...
2024-02-06 11:21:15 INFO::Getting Air Passengers data...
2024-02-06 11:21:23 INFO::Getting Air Passengers data...
2024-02-06 11:21:30 INFO::Getting Air Passengers data...
2024-02-06 11:21:37 INFO::Getting Air Passengers data...
2024-02-06 11:48:05 INFO::Getting Air Passengers data...
2024-02-06 11:50:31 INFO::Getting Air Passengers data...
2024-02-06 13:55:59 INFO::Getting Air Passengers data...
2024-02-06 13:56:48 INFO::Getting Air Passengers data...
2024-02-06 13:57:20 INFO::Getting Air Passengers data...
2024-02-06 13:57:51 INFO::Getting Air Passengers data...
2024-02-06 13:59:48 INFO::Getting Air Passengers data...
2024-02-06 14:00:04 INFO::Getting Air Passengers data...
2024-02-06 17:21:55 INFO::Getting Air Passengers data...
2024-02-06 17:27:34 INFO::Hypothesis testing...
2024-02-06 17:27:34 INFO::Normality Tests
2024-02-06 17:27:34 INFO::Autocorrelation Tests
2024-02-06 17:27:34 INFO::Stationarity Tests
2024-02-06 17:27:35 INFO::Hypothesis testing...
2024-02-06 17:27:35 INFO::Normality Tests
2024-02-06 17:27:35 INFO::Autocorrelation Tests
2024-02-06 17:27:35 INFO::Stationarity Tests
2024-02-06 17:27:58 INFO::Hypothesis testing...
2024-02-06 17:27:58 INFO::Normality Tests
2024-02-06 17:27:58 INFO::Autocorrelation Tests
2024-02-06 17:27:58 INFO::Stationarity Tests
2024-02-06 17:28:13 INFO::*** Generating Forecasts ***
2024-02-06 17:28:13 INFO::Method(s): H2O AutoML
2024-02-06 17:28:13 INFO::Initial Split
2024-02-06 17:28:13 INFO::Future Frame
2024-02-06 17:28:13 INFO::Modeltime Table
2024-02-06 17:28:13 INFO::*** Fitting Algorithm ***
2024-02-06 17:28:13 INFO::Method(s): H2O AutoML
2024-02-06 17:28:13 INFO::Initial Split
2024-02-06 17:28:13 INFO::Recipe Specification
2024-02-06 17:28:13 INFO::Model Specification
2024-02-06 17:28:13 INFO::Workflow Specification
2024-02-06 17:28:13 INFO::Fitting
2024-02-06 17:28:49 INFO::Calibration
2024-02-06 17:28:50 INFO::Residuals
2024-02-06 17:28:50 INFO::Accuracy Evaluation
2024-02-06 17:28:50 INFO::Test Forecasting
2024-02-06 17:28:51 INFO::Refitting
2024-02-06 17:29:27 INFO::Out-of-Sample Forecasting
2024-02-06 17:53:07 INFO::Getting Air Passengers data...
2024-02-06 18:06:46 INFO::Getting Air Passengers data...
2024-02-06 18:07:00 INFO::Hypothesis testing...
2024-02-06 18:10:24 INFO::Getting Air Passengers data...
2024-02-06 18:10:24 INFO::Hypothesis testing...
2024-02-06 18:10:24 INFO::Normality Tests
2024-02-06 18:10:24 INFO::Autocorrelation Tests
2024-02-06 18:10:24 INFO::Stationarity Tests
2024-02-06 18:10:24 INFO::Hypothesis testing...
2024-02-06 18:10:24 INFO::Normality Tests
2024-02-06 18:10:24 INFO::Autocorrelation Tests
2024-02-06 18:10:24 INFO::Stationarity Tests
2024-02-06 18:10:26 INFO::Hypothesis testing...
2024-02-06 18:10:26 INFO::Normality Tests
2024-02-06 18:10:26 INFO::Autocorrelation Tests
2024-02-06 18:10:26 INFO::Stationarity Tests
2024-02-06 18:11:04 INFO::Transforming data...
2024-02-06 18:11:04 INFO::Log
2024-02-06 18:11:09 INFO::Transforming data...
2024-02-06 18:11:09 INFO::Differencing
2024-02-06 18:11:17 INFO::Imputing missing values...
2024-02-06 18:11:23 INFO::Hypothesis testing...
2024-02-06 18:11:23 INFO::Normality Tests
2024-02-06 18:11:23 INFO::Autocorrelation Tests
2024-02-06 18:11:23 INFO::Stationarity Tests
2024-02-06 18:11:30 INFO::Cleaning data from anomalies...
2024-02-06 18:12:37 INFO::Getting Air Passengers data...
2024-02-06 18:17:41 INFO::Getting Air Passengers data...
2024-02-06 18:18:38 INFO::Hypothesis testing...
2024-02-06 18:18:38 INFO::Normality Tests
2024-02-06 18:18:38 INFO::Autocorrelation Tests
2024-02-06 18:18:38 INFO::Stationarity Tests
2024-02-06 18:18:39 INFO::Hypothesis testing...
2024-02-06 18:18:39 INFO::Normality Tests
2024-02-06 18:18:39 INFO::Autocorrelation Tests
2024-02-06 18:18:39 INFO::Stationarity Tests
2024-02-06 18:18:58 INFO::Hypothesis testing...
2024-02-06 18:18:58 INFO::Transforming data...
2024-02-06 18:18:58 INFO::Log
2024-02-06 18:18:58 INFO::Normality Tests
2024-02-06 18:18:58 INFO::Autocorrelation Tests
2024-02-06 18:18:58 INFO::Stationarity Tests
2024-02-06 18:19:00 INFO::Hypothesis testing...
2024-02-06 18:19:00 INFO::Normality Tests
2024-02-06 18:19:00 INFO::Autocorrelation Tests
2024-02-06 18:19:00 INFO::Stationarity Tests
2024-02-06 18:20:29 INFO::Hypothesis testing...
2024-02-06 18:20:29 INFO::Normality Tests
2024-02-06 18:20:29 INFO::Autocorrelation Tests
2024-02-06 18:20:29 INFO::Stationarity Tests
2024-02-06 18:23:22 INFO::Getting Air Passengers data...
2024-02-06 18:24:13 INFO::Hypothesis testing...
2024-02-06 18:24:13 INFO::Normality Tests
2024-02-06 18:24:13 INFO::Autocorrelation Tests
2024-02-06 18:24:13 INFO::Stationarity Tests
2024-02-06 18:24:13 INFO::Hypothesis testing...
2024-02-06 18:24:13 INFO::Normality Tests
2024-02-06 18:24:13 INFO::Autocorrelation Tests
2024-02-06 18:24:13 INFO::Stationarity Tests
2024-02-06 18:24:22 INFO::Transforming data...
2024-02-06 18:24:22 INFO::Log
2024-02-06 18:24:32 INFO::*** Generating Forecasts ***
2024-02-06 18:24:32 INFO::Method(s): ETS
2024-02-06 18:24:32 INFO::Initial Split
2024-02-06 18:24:32 INFO::Transforming data...
2024-02-06 18:24:32 INFO::Log
2024-02-06 18:24:32 INFO::Future Frame
2024-02-06 18:24:32 INFO::Modeltime Table
2024-02-06 18:24:32 INFO::*** Fitting Algorithm ***
2024-02-06 18:24:32 INFO::Method(s): ETS
2024-02-06 18:24:32 INFO::Initial Split
2024-02-06 18:24:32 INFO::Recipe Specification
2024-02-06 18:24:32 INFO::Model Specification
2024-02-06 18:24:32 INFO::Workflow Specification
2024-02-06 18:24:32 INFO::Fitting
2024-02-06 18:24:32 INFO::Calibration
2024-02-06 18:24:33 INFO::Residuals
2024-02-06 18:24:33 INFO::Accuracy Evaluation
2024-02-06 18:24:33 INFO::Test Forecasting
2024-02-06 18:24:33 INFO::Refitting
2024-02-06 18:24:33 INFO::Out-of-Sample Forecasting
2024-02-06 18:25:34 INFO::*** Generating Forecasts ***
2024-02-06 18:25:34 INFO::Method(s): SARIMA
2024-02-06 18:25:34 INFO::Initial Split
2024-02-06 18:25:34 INFO::Transforming data...
2024-02-06 18:25:34 INFO::Log
2024-02-06 18:25:34 INFO::Future Frame
2024-02-06 18:25:34 INFO::Modeltime Table
2024-02-06 18:25:34 INFO::*** Fitting Algorithm ***
2024-02-06 18:25:34 INFO::Method(s): SARIMA
2024-02-06 18:25:34 INFO::Initial Split
2024-02-06 18:25:34 INFO::Recipe Specification
2024-02-06 18:25:34 INFO::Model Specification
2024-02-06 18:25:34 INFO::Workflow Specification
2024-02-06 18:25:34 INFO::Fitting
2024-02-06 18:25:36 INFO::Calibration
2024-02-06 18:25:36 INFO::Residuals
2024-02-06 18:25:36 INFO::Accuracy Evaluation
2024-02-06 18:25:36 INFO::Test Forecasting
2024-02-06 18:25:36 INFO::Refitting
2024-02-06 18:25:37 INFO::Out-of-Sample Forecasting
2024-02-06 18:25:52 INFO::*** Generating Forecasts ***
2024-02-06 18:25:52 INFO::Method(s): Prophet
2024-02-06 18:25:52 INFO::Initial Split
2024-02-06 18:25:53 INFO::Future Frame
2024-02-06 18:25:53 INFO::Modeltime Table
2024-02-06 18:25:53 INFO::*** Fitting Algorithm ***
2024-02-06 18:25:53 INFO::Method(s): Prophet
2024-02-06 18:25:53 INFO::Initial Split
2024-02-06 18:25:53 INFO::Recipe Specification
2024-02-06 18:25:53 INFO::Model Specification
2024-02-06 18:25:53 INFO::Workflow Specification
2024-02-06 18:25:53 INFO::Fitting
2024-02-06 18:25:53 INFO::Calibration
2024-02-06 18:25:53 INFO::Residuals
2024-02-06 18:25:53 INFO::Accuracy Evaluation
2024-02-06 18:25:53 INFO::Test Forecasting
2024-02-06 18:25:54 INFO::Refitting
2024-02-06 18:25:54 INFO::Out-of-Sample Forecasting
2024-02-06 18:25:59 INFO::*** Generating Forecasts ***
2024-02-06 18:25:59 INFO::Method(s): ETS
2024-02-06 18:25:59 INFO::Initial Split
2024-02-06 18:25:59 INFO::Future Frame
2024-02-06 18:25:59 INFO::Modeltime Table
2024-02-06 18:25:59 INFO::*** Fitting Algorithm ***
2024-02-06 18:25:59 INFO::Method(s): ETS
2024-02-06 18:25:59 INFO::Initial Split
2024-02-06 18:25:59 INFO::Recipe Specification
2024-02-06 18:25:59 INFO::Model Specification
2024-02-06 18:25:59 INFO::Workflow Specification
2024-02-06 18:25:59 INFO::Fitting
2024-02-06 18:25:59 INFO::Calibration
2024-02-06 18:25:59 INFO::Residuals
2024-02-06 18:25:59 INFO::Accuracy Evaluation
2024-02-06 18:26:00 INFO::Test Forecasting
2024-02-06 18:26:00 INFO::Refitting
2024-02-06 18:26:00 INFO::Out-of-Sample Forecasting
2024-02-06 18:26:13 INFO::Transforming data...
2024-02-06 18:26:13 INFO::Log
2024-02-06 18:26:17 INFO::*** Generating Forecasts ***
2024-02-06 18:26:17 INFO::Method(s): Random Forest
2024-02-06 18:26:17 INFO::Initial Split
2024-02-06 18:26:17 INFO::Future Frame
2024-02-06 18:26:17 INFO::Modeltime Table
2024-02-06 18:26:17 INFO::*** Fitting Algorithm ***
2024-02-06 18:26:17 INFO::Method(s): Random Forest
2024-02-06 18:26:17 INFO::Initial Split
2024-02-06 18:26:17 INFO::Recipe Specification
2024-02-06 18:26:17 INFO::Model Specification
2024-02-06 18:26:17 INFO::Workflow Specification
2024-02-06 18:26:17 INFO::Fitting
2024-02-06 18:26:17 INFO::Calibration
2024-02-06 18:26:18 INFO::Residuals
2024-02-06 18:26:18 INFO::Accuracy Evaluation
2024-02-06 18:26:19 INFO::Test Forecasting
2024-02-06 18:26:19 INFO::Refitting
2024-02-06 18:26:19 INFO::Out-of-Sample Forecasting
2024-02-06 18:26:19 INFO::Extracting Features...
2024-02-06 18:26:19 INFO::Extracting Features...
2024-02-06 18:26:20 INFO::Extracting Features...
2024-02-06 18:26:20 INFO::*** Explaining Algorithm ***
2024-02-06 18:26:20 INFO::Method(s): Random Forest
2024-02-06 18:26:20 INFO::Initial Split
2024-02-06 18:26:20 INFO::Recipe Specification
2024-02-06 18:26:20 INFO::Model Specification
2024-02-06 18:26:20 INFO::Workflow Specification
2024-02-06 18:26:20 INFO::Fitting
2024-02-06 18:26:20 INFO::Creating Explainer
2024-02-06 18:26:20 INFO::Explaining Algorithm...
2024-02-06 18:26:25 INFO::Explaining Algorithm...
2024-02-06 18:26:25 INFO::Transforming data...
2024-02-06 18:26:25 INFO::Log
2024-02-06 18:26:25 INFO::Explaining Algorithm...
2024-02-06 18:26:26 INFO::Explaining Algorithm...
2024-02-06 18:26:26 INFO::Explaining Algorithm...
2024-02-06 18:26:32 INFO::Transforming data...
2024-02-06 18:26:32 INFO::Log
2024-02-06 18:26:33 INFO::Explaining Algorithm...
2024-02-06 18:26:34 INFO::Explaining Algorithm...
2024-02-06 18:26:34 INFO::Explaining Algorithm...
2024-02-06 18:26:34 INFO::Explaining Algorithm...
2024-02-06 21:49:10 INFO::Getting Air Passengers data...
2024-02-06 21:49:19 INFO::Imputing missing values...
2024-02-06 21:51:08 INFO::Getting Air Passengers data...
2024-02-06 21:51:19 INFO::Hypothesis testing...
2024-02-06 22:01:44 INFO::Getting Air Passengers data...
2024-02-06 22:01:48 INFO::Hypothesis testing...
2024-02-06 22:01:53 INFO::Hypothesis testing...
2024-02-06 22:01:55 INFO::Hypothesis testing...
2024-02-06 22:05:16 INFO::Getting Air Passengers data...
2024-02-06 22:05:21 INFO::Hypothesis testing...
2024-02-06 22:05:21 INFO::Normality Tests
2024-02-06 22:05:21 INFO::Autocorrelation Tests
2024-02-06 22:05:21 INFO::Stationarity Tests
2024-02-06 22:05:24 INFO::Hypothesis testing...
2024-02-06 22:05:24 INFO::Transforming data...
2024-02-06 22:05:34 INFO::Hypothesis testing...
2024-02-06 22:05:34 INFO::Normality Tests
2024-02-06 22:05:34 INFO::Autocorrelation Tests
2024-02-06 22:05:34 INFO::Stationarity Tests
2024-02-06 22:06:50 INFO::Getting Air Passengers data...
2024-02-06 22:06:50 INFO::Hypothesis testing...
2024-02-06 22:13:22 INFO::Getting Air Passengers data...
2024-02-06 22:13:27 INFO::Hypothesis testing...
2024-02-06 22:13:40 INFO::Hypothesis testing...
2024-02-06 22:13:45 INFO::Hypothesis testing...
2024-02-06 22:13:46 INFO::Hypothesis testing...
2024-02-06 22:13:47 INFO::Hypothesis testing...
2024-02-07 09:16:23 INFO::Getting Air Passengers data...
2024-02-07 09:16:30 INFO::Hypothesis testing...
2024-02-07 09:16:30 INFO::Normality Tests
2024-02-07 09:16:31 INFO::Autocorrelation Tests
2024-02-07 09:16:31 INFO::Stationarity Tests
2024-02-07 09:16:34 INFO::Hypothesis testing...
2024-02-07 09:16:34 INFO::Transforming data...
2024-02-07 09:16:34 INFO::Log
2024-02-07 09:16:34 INFO::Normality Tests
2024-02-07 09:16:34 INFO::Autocorrelation Tests
2024-02-07 09:16:34 INFO::Stationarity Tests
2024-02-07 09:16:38 INFO::Hypothesis testing...
2024-02-07 09:16:38 INFO::Transforming data...
2024-02-07 09:16:38 INFO::Log
2024-02-07 09:16:38 INFO::Differencing
2024-02-07 09:16:38 INFO::Normality Tests
2024-02-07 09:16:38 INFO::Autocorrelation Tests
2024-02-07 09:16:38 INFO::Stationarity Tests
2024-02-07 09:16:53 INFO::Transforming data...
2024-02-07 09:16:53 INFO::Log
2024-02-07 09:16:56 INFO::Transforming data...
2024-02-07 09:16:56 INFO::Log
2024-02-07 09:16:56 INFO::Normalization
2024-02-07 09:17:01 INFO::Transforming data...
2024-02-07 09:17:01 INFO::Log
2024-02-07 09:17:01 INFO::Normalization
2024-02-07 09:17:01 INFO::Differencing
2024-02-07 09:17:03 INFO::Transforming data...
2024-02-07 09:17:03 INFO::Log
2024-02-07 09:17:03 INFO::Normalization
2024-02-07 09:17:03 INFO::Differencing
2024-02-07 09:17:03 INFO::Seasonal Differencing
2024-02-07 09:17:05 INFO::Transforming data...
2024-02-07 09:17:05 INFO::Log
2024-02-07 09:17:05 INFO::Normalization
2024-02-07 09:17:05 INFO::Standardization
2024-02-07 09:17:05 INFO::Differencing
2024-02-07 09:17:05 INFO::Seasonal Differencing
2024-02-07 09:17:08 INFO::Transforming data...
2024-02-07 09:17:08 INFO::Log
2024-02-07 09:17:08 INFO::Box-Cox
2024-02-07 09:17:08 INFO::Normalization
2024-02-07 09:17:08 INFO::Standardization
2024-02-07 09:17:08 INFO::Differencing
2024-02-07 09:17:08 INFO::Seasonal Differencing
2024-02-07 09:17:23 INFO::*** Generating Forecasts ***
2024-02-07 09:17:23 INFO::Method(s): ETS
2024-02-07 09:17:23 INFO::Initial Split
2024-02-07 09:17:23 INFO::Future Frame
2024-02-07 09:17:23 INFO::Modeltime Table
2024-02-07 09:17:23 INFO::*** Fitting Algorithm ***
2024-02-07 09:17:23 INFO::Method(s): ETS
2024-02-07 09:17:23 INFO::Initial Split
2024-02-07 09:17:23 INFO::Recipe Specification
2024-02-07 09:17:23 INFO::Model Specification
2024-02-07 09:17:23 INFO::Workflow Specification
2024-02-07 09:17:23 INFO::Fitting
2024-02-07 09:17:24 INFO::Calibration
2024-02-07 09:17:24 INFO::Residuals
2024-02-07 09:17:24 INFO::Accuracy Evaluation
2024-02-07 09:17:24 INFO::Test Forecasting
2024-02-07 09:17:24 INFO::Refitting
2024-02-07 09:17:24 INFO::Out-of-Sample Forecasting
2024-02-07 10:29:46 INFO::Getting Air Passengers data...
2024-02-07 10:29:50 INFO::Hypothesis testing...
2024-02-07 10:30:58 INFO::Getting Air Passengers data...
2024-02-07 10:30:58 INFO::Hypothesis testing...
2024-02-07 10:32:07 INFO::Getting Air Passengers data...
2024-02-07 10:32:11 INFO::Hypothesis testing...
2024-02-07 10:32:11 INFO::Normality Tests
2024-02-07 10:32:11 INFO::Autocorrelation Tests
2024-02-07 10:32:11 INFO::Stationarity Tests
2024-02-07 10:32:16 INFO::Hypothesis testing...
2024-02-07 10:32:16 INFO::Transforming data...
2024-02-07 10:32:16 INFO::Normalization
2024-02-07 10:32:16 INFO::Normality Tests
2024-02-07 10:32:16 INFO::Autocorrelation Tests
2024-02-07 10:32:16 INFO::Stationarity Tests
2024-02-07 10:32:21 INFO::Hypothesis testing...
2024-02-07 10:32:21 INFO::Transforming data...
2024-02-07 10:32:21 INFO::Normalization
2024-02-07 10:32:21 INFO::Standardization
2024-02-07 10:32:21 INFO::Normality Tests
2024-02-07 10:32:21 INFO::Autocorrelation Tests
2024-02-07 10:32:21 INFO::Stationarity Tests
2024-02-07 10:32:30 INFO::Hypothesis testing...
2024-02-07 10:32:30 INFO::Transforming data...
2024-02-07 10:32:30 INFO::Normalization
2024-02-07 10:32:30 INFO::Standardization
2024-02-07 10:32:30 INFO::Differencing
2024-02-07 10:32:30 INFO::Normality Tests
2024-02-07 10:32:30 INFO::Autocorrelation Tests
2024-02-07 10:32:30 INFO::Stationarity Tests
2024-02-07 10:32:32 INFO::Hypothesis testing...
2024-02-07 10:32:32 INFO::Transforming data...
2024-02-07 10:32:32 INFO::Normalization
2024-02-07 10:32:32 INFO::Standardization
2024-02-07 10:32:32 INFO::Differencing
2024-02-07 10:32:32 INFO::Seasonal Differencing
2024-02-07 10:32:32 INFO::Normality Tests
2024-02-07 10:32:32 INFO::Autocorrelation Tests
2024-02-07 10:32:32 INFO::Stationarity Tests
2024-02-07 10:32:34 INFO::Hypothesis testing...
2024-02-07 10:32:34 INFO::Transforming data...
2024-02-07 10:32:34 INFO::Box-Cox
2024-02-07 10:32:34 INFO::Normalization
2024-02-07 10:32:34 INFO::Standardization
2024-02-07 10:32:34 INFO::Differencing
2024-02-07 10:32:34 INFO::Seasonal Differencing
2024-02-07 10:32:34 INFO::Normality Tests
2024-02-07 10:32:34 INFO::Autocorrelation Tests
2024-02-07 10:32:34 INFO::Stationarity Tests
2024-02-07 10:32:36 INFO::Hypothesis testing...
2024-02-07 10:32:36 INFO::Transforming data...
2024-02-07 10:32:36 INFO::Log
2024-02-07 10:32:36 INFO::Box-Cox
2024-02-07 10:32:36 INFO::Normalization
2024-02-07 10:32:36 INFO::Standardization
2024-02-07 10:32:36 INFO::Differencing
2024-02-07 10:32:36 INFO::Seasonal Differencing
2024-02-07 10:32:36 INFO::Normality Tests
2024-02-07 10:32:36 INFO::Autocorrelation Tests
2024-02-07 10:32:36 INFO::Stationarity Tests
2024-02-07 10:36:35 INFO::Getting Air Passengers data...
2024-02-07 10:36:36 INFO::Hypothesis testing...
2024-02-07 10:36:36 INFO::Normality Tests
2024-02-07 10:36:42 INFO::Hypothesis testing...
2024-02-07 10:36:42 INFO::Transforming data...
2024-02-07 10:36:42 INFO::Box-Cox
2024-02-07 10:36:42 INFO::Normality Tests
2024-02-07 10:40:36 INFO::Getting Air Passengers data...
2024-02-07 10:40:38 INFO::Hypothesis testing...
2024-02-07 10:40:38 INFO::Normality Tests
2024-02-07 10:40:38 INFO::Autocorrelation Tests
2024-02-07 10:40:38 INFO::Stationarity Tests
2024-02-07 10:40:41 INFO::Hypothesis testing...
2024-02-07 10:40:41 INFO::Transforming data...
2024-02-07 10:40:41 INFO::Box-Cox
2024-02-07 10:40:41 INFO::Normality Tests
2024-02-07 10:40:41 INFO::Autocorrelation Tests
2024-02-07 10:40:41 INFO::Stationarity Tests
2024-02-07 10:40:42 INFO::Hypothesis testing...
2024-02-07 10:40:42 INFO::Transforming data...
2024-02-07 10:40:42 INFO::Box-Cox
2024-02-07 10:40:42 INFO::Normalization
2024-02-07 10:40:42 INFO::Normality Tests
2024-02-07 10:40:42 INFO::Autocorrelation Tests
2024-02-07 10:40:42 INFO::Stationarity Tests
2024-02-07 10:40:43 INFO::Hypothesis testing...
2024-02-07 10:40:43 INFO::Transforming data...
2024-02-07 10:40:43 INFO::Box-Cox
2024-02-07 10:40:43 INFO::Normalization
2024-02-07 10:40:43 INFO::Differencing
2024-02-07 10:40:43 INFO::Normality Tests
2024-02-07 10:40:43 INFO::Autocorrelation Tests
2024-02-07 10:40:43 INFO::Stationarity Tests
2024-02-07 10:40:44 INFO::Hypothesis testing...
2024-02-07 10:40:44 INFO::Transforming data...
2024-02-07 10:40:44 INFO::Log
2024-02-07 10:40:44 INFO::Box-Cox
2024-02-07 10:40:44 INFO::Normalization
2024-02-07 10:40:44 INFO::Differencing
2024-02-07 10:40:44 INFO::Normality Tests
2024-02-07 10:40:44 INFO::Autocorrelation Tests
2024-02-07 10:40:44 INFO::Stationarity Tests
2024-02-07 10:40:45 INFO::Hypothesis testing...
2024-02-07 10:40:45 INFO::Transforming data...
2024-02-07 10:40:45 INFO::Log
2024-02-07 10:40:45 INFO::Box-Cox
2024-02-07 10:40:45 INFO::Normalization
2024-02-07 10:40:45 INFO::Standardization
2024-02-07 10:40:45 INFO::Differencing
2024-02-07 10:40:45 INFO::Normality Tests
2024-02-07 10:40:45 INFO::Autocorrelation Tests
2024-02-07 10:40:45 INFO::Stationarity Tests
2024-02-07 10:40:45 INFO::Hypothesis testing...
2024-02-07 10:40:45 INFO::Transforming data...
2024-02-07 10:40:45 INFO::Log
2024-02-07 10:40:45 INFO::Box-Cox
2024-02-07 10:40:45 INFO::Normalization
2024-02-07 10:40:45 INFO::Standardization
2024-02-07 10:40:45 INFO::Differencing
2024-02-07 10:40:45 INFO::Seasonal Differencing
2024-02-07 10:40:45 INFO::Normality Tests
2024-02-07 10:40:45 INFO::Autocorrelation Tests
2024-02-07 10:40:45 INFO::Stationarity Tests
2024-02-07 10:40:54 INFO::Transforming data...
2024-02-07 10:40:54 INFO::Log
2024-02-07 10:40:58 INFO::Transforming data...
2024-02-07 10:40:58 INFO::Log
2024-02-07 10:40:59 INFO::Transforming data...
2024-02-07 10:40:59 INFO::Log
2024-02-07 10:40:59 INFO::Box-Cox
2024-02-07 10:41:00 INFO::Transforming data...
2024-02-07 10:41:00 INFO::Log
2024-02-07 10:41:00 INFO::Box-Cox
2024-02-07 10:41:00 INFO::Normalization
2024-02-07 10:41:02 INFO::Transforming data...
2024-02-07 10:41:02 INFO::Log
2024-02-07 10:41:02 INFO::Box-Cox
2024-02-07 10:41:02 INFO::Normalization
2024-02-07 10:41:02 INFO::Standardization
2024-02-07 10:41:03 INFO::Transforming data...
2024-02-07 10:41:03 INFO::Log
2024-02-07 10:41:03 INFO::Box-Cox
2024-02-07 10:41:03 INFO::Normalization
2024-02-07 10:41:03 INFO::Standardization
2024-02-07 10:41:03 INFO::Differencing
2024-02-07 10:41:05 INFO::Transforming data...
2024-02-07 10:41:05 INFO::Log
2024-02-07 10:41:05 INFO::Box-Cox
2024-02-07 10:41:05 INFO::Normalization
2024-02-07 10:41:05 INFO::Standardization
2024-02-07 10:41:05 INFO::Differencing
2024-02-07 10:41:05 INFO::Seasonal Differencing
2024-02-07 10:41:08 INFO::Transforming data...
2024-02-07 10:41:08 INFO::Log
2024-02-07 10:41:08 INFO::Box-Cox
2024-02-07 10:41:08 INFO::Normalization
2024-02-07 10:41:08 INFO::Standardization
2024-02-07 10:41:08 INFO::Differencing
2024-02-07 10:41:11 INFO::Transforming data...
2024-02-07 10:41:11 INFO::Log
2024-02-07 10:41:11 INFO::Box-Cox
2024-02-07 10:41:11 INFO::Normalization
2024-02-07 10:41:11 INFO::Standardization
2024-02-07 10:41:15 INFO::Transforming data...
2024-02-07 10:41:15 INFO::Box-Cox
2024-02-07 10:41:15 INFO::Normalization
2024-02-07 10:41:15 INFO::Standardization
2024-02-07 10:41:19 INFO::Transforming data...
2024-02-07 10:41:19 INFO::Normalization
2024-02-07 10:41:19 INFO::Standardization
2024-02-07 10:41:21 INFO::Transforming data...
2024-02-07 10:41:21 INFO::Standardization
2024-02-07 10:51:43 INFO::Getting Air Passengers data...
2024-02-07 10:51:54 INFO::Transforming data...
2024-02-07 10:51:54 INFO::Log
2024-02-07 10:52:00 INFO::*** Generating Forecasts ***
2024-02-07 10:52:00 INFO::Method(s): ETS
2024-02-07 10:52:00 INFO::Initial Split
2024-02-07 10:52:00 INFO::Future Frame
2024-02-07 10:52:00 INFO::Modeltime Table
2024-02-07 10:52:00 INFO::*** Fitting Algorithm ***
2024-02-07 10:52:00 INFO::Method(s): ETS
2024-02-07 10:52:00 INFO::Initial Split
2024-02-07 10:52:00 INFO::Recipe Specification
2024-02-07 10:52:00 INFO::Model Specification
2024-02-07 10:52:00 INFO::Workflow Specification
2024-02-07 10:52:00 INFO::Fitting
2024-02-07 10:52:00 INFO::Calibration
2024-02-07 10:52:01 INFO::Residuals
2024-02-07 10:52:01 INFO::Accuracy Evaluation
2024-02-07 10:52:01 INFO::Test Forecasting
2024-02-07 10:52:01 INFO::Refitting
2024-02-07 10:52:01 INFO::Out-of-Sample Forecasting
2024-02-07 10:52:36 INFO::*** Generating Forecasts ***
2024-02-07 10:52:36 INFO::Method(s): SARIMA
2024-02-07 10:52:36 INFO::Initial Split
2024-02-07 10:52:37 INFO::Future Frame
2024-02-07 10:52:37 INFO::Modeltime Table
2024-02-07 10:52:37 INFO::*** Fitting Algorithm ***
2024-02-07 10:52:37 INFO::Method(s): SARIMA
2024-02-07 10:52:37 INFO::Initial Split
2024-02-07 10:52:37 INFO::Recipe Specification
2024-02-07 10:52:37 INFO::Model Specification
2024-02-07 10:52:37 INFO::Workflow Specification
2024-02-07 10:52:37 INFO::Fitting
2024-02-07 10:52:38 INFO::Calibration
2024-02-07 10:52:38 INFO::Residuals
2024-02-07 10:52:38 INFO::Accuracy Evaluation
2024-02-07 10:52:39 INFO::Test Forecasting
2024-02-07 10:52:39 INFO::Refitting
2024-02-07 10:52:40 INFO::Out-of-Sample Forecasting
2024-02-07 10:53:14 INFO::*** Generating Forecasts ***
2024-02-07 10:53:14 INFO::Method(s): ETS
2024-02-07 10:53:14 INFO::Initial Split
2024-02-07 10:53:14 INFO::Future Frame
2024-02-07 10:53:14 INFO::Modeltime Table
2024-02-07 10:53:14 INFO::*** Fitting Algorithm ***
2024-02-07 10:53:14 INFO::Method(s): ETS
2024-02-07 10:53:14 INFO::Initial Split
2024-02-07 10:53:14 INFO::Recipe Specification
2024-02-07 10:53:14 INFO::Model Specification
2024-02-07 10:53:14 INFO::Workflow Specification
2024-02-07 10:53:14 INFO::Fitting
2024-02-07 10:53:14 INFO::Calibration
2024-02-07 10:53:14 INFO::Residuals
2024-02-07 10:53:14 INFO::Accuracy Evaluation
2024-02-07 10:53:15 INFO::Test Forecasting
2024-02-07 10:53:15 INFO::Refitting
2024-02-07 10:53:15 INFO::Out-of-Sample Forecasting
2024-02-07 10:55:19 INFO::Getting Air Passengers data...
2024-02-07 10:55:37 INFO::*** Generating Forecasts ***
2024-02-07 10:55:37 INFO::Method(s): ETS
2024-02-07 10:55:37 INFO::Initial Split
2024-02-07 10:55:37 INFO::Future Frame
2024-02-07 10:55:37 INFO::Modeltime Table
2024-02-07 10:55:37 INFO::*** Fitting Algorithm ***
2024-02-07 10:55:37 INFO::Method(s): ETS
2024-02-07 10:55:37 INFO::Initial Split
2024-02-07 10:55:37 INFO::Recipe Specification
2024-02-07 10:55:37 INFO::Model Specification
2024-02-07 10:55:37 INFO::Workflow Specification
2024-02-07 10:55:37 INFO::Fitting
2024-02-07 10:55:38 INFO::Calibration
2024-02-07 10:55:38 INFO::Residuals
2024-02-07 10:55:38 INFO::Accuracy Evaluation
2024-02-07 10:55:38 INFO::Test Forecasting
2024-02-07 10:55:38 INFO::Refitting
2024-02-07 10:55:38 INFO::Out-of-Sample Forecasting
